<?xml version="1.0" encoding="UTF-8"?>
<!-- Generated by org.testng.reporters.JUnitReportReporter -->
<testsuite hostname="DESKTOP-SCKABHO" failures="0" tests="1" name="testclass.LoginTesting" time="33.312" errors="0" timestamp="2023-01-23T16:46:08 BDT" skipped="0">
  <testcase classname="testclass.LoginTesting" name="loginTesting" time="33.312"/>
  <system-out/>
</testsuite> <!-- testclass.LoginTesting -->
