<?xml version="1.0" encoding="UTF-8"?>
<!-- Generated by org.testng.reporters.JUnitReportReporter -->
<testsuite hostname="DESKTOP-SCKABHO" failures="0" tests="1" name="testclass.ScrollAndNextTesting" time="50.480" errors="0" timestamp="2023-01-23T15:46:17 BDT" skipped="0">
  <testcase classname="testclass.ScrollAndNextTesting" name="scrollAndNextpageTesting" time="50.480"/>
  <system-out/>
</testsuite> <!-- testclass.ScrollAndNextTesting -->
