<?xml version="1.0" encoding="UTF-8"?>
<!-- Generated by org.testng.reporters.JUnitReportReporter -->
<testsuite hostname="DESKTOP-SCKABHO" failures="0" tests="1" name="testclass.WriterSelectDropdownTesting" time="34.492" errors="0" timestamp="2023-01-23T01:37:54 BDT" skipped="0">
  <testcase classname="testclass.WriterSelectDropdownTesting" name="writerSelectDropDown" time="34.492"/>
  <system-out/>
</testsuite> <!-- testclass.WriterSelectDropdownTesting -->
