<?xml version="1.0" encoding="UTF-8"?>
<!-- Generated by org.testng.reporters.JUnitReportReporter -->
<testsuite hostname="DESKTOP-SCKABHO" failures="0" tests="1" name="testclass.CardIconTesting" time="31.856" errors="0" timestamp="2023-01-23T01:37:54 BDT" skipped="0">
  <testcase classname="testclass.CardIconTesting" name="cardIconTesting" time="31.856"/>
  <system-out/>
</testsuite> <!-- testclass.CardIconTesting -->
