<?xml version="1.0" encoding="UTF-8"?>
<!-- Generated by org.testng.reporters.JUnitReportReporter -->
<testsuite hostname="DESKTOP-SCKABHO" failures="0" tests="1" name="testclass.SignupTesting" time="42.607" errors="0" timestamp="2023-01-23T18:22:41 BDT" skipped="0">
  <testcase classname="testclass.SignupTesting" name="signupTesting" time="42.607"/>
  <system-out/>
</testsuite> <!-- testclass.SignupTesting -->
